<?xml version="1.0" encoding="UTF-8" ?>
<testsuite tests="14" failures="0" name="dev.java.controller.CandidateControllerTest" time="1.934" errors="0" skipped="0">
  <properties>
    <property name="java.runtime.name" value="Java(TM) SE Runtime Environment"/>
    <property name="java.vm.version" value="10.0.2+13"/>
    <property name="sun.boot.library.path" value="C:\Program Files\Java\jdk-10.0.2\bin"/>
    <property name="maven.multiModuleProjectDirectory" value="D:\Моя папка\Мой универ\team2"/>
    <property name="java.vm.vendor" value="&quot;Oracle Corporation&quot;"/>
    <property name="java.vendor.url" value="http://java.oracle.com/"/>
    <property name="guice.disable.misplaced.annotation.check" value="true"/>
    <property name="path.separator" value=";"/>
    <property name="java.vm.name" value="Java HotSpot(TM) 64-Bit Server VM"/>
    <property name="file.encoding.pkg" value="sun.io"/>
    <property name="sun.os.patch.level" value="Service Pack 1"/>
    <property name="user.script" value=""/>
    <property name="user.country" value="RU"/>
    <property name="sun.java.launcher" value="SUN_STANDARD"/>
    <property name="java.vm.specification.name" value="Java Virtual Machine Specification"/>
    <property name="user.dir" value="D:\Моя папка\Мой универ\team2"/>
    <property name="java.vm.compressedOopsMode" value="32-bit"/>
    <property name="java.runtime.version" value="10.0.2+13"/>
    <property name="java.awt.graphicsenv" value="sun.awt.Win32GraphicsEnvironment"/>
    <property name="os.arch" value="amd64"/>
    <property name="java.io.tmpdir" value="C:\Users\acer\AppData\Local\Temp\"/>
    <property name="line.separator" value="
"/>
    <property name="java.vm.specification.vendor" value="Oracle Corporation"/>
    <property name="user.variant" value=""/>
    <property name="os.name" value="Windows 7"/>
    <property name="classworlds.conf" value="C:\Program Files\apache-maven-3.5.4\bin\..\bin\m2.conf"/>
    <property name="sun.jnu.encoding" value="Cp1251"/>
    <property name="java.library.path" value="C:\Program Files\Java\jdk-10.0.2\bin;C:\Windows\Sun\Java\bin;C:\Windows\system32;C:\Windows;C:\Program Files (x86)\Common Files\Oracle\Java\javapath;E:\IBM\opl\bin\x64_win64;E:\IBM\opl\oplide\;E:\IBM\cplex\bin\x64_win64;E:\IBM\cpoptimizer\bin\x64_win64;E:\IBM\ILOG\CPLEX_Studio_Community127\opl\bin\x64_win64;E:\IBM\ILOG\CPLEX_Studio_Community127\opl\oplide\;E:\IBM\ILOG\CPLEX_Studio_Community127\cplex\bin\x64_win64;E:\IBM\ILOG\CPLEX_Studio_Community127\cpoptimizer\bin\x64_win64;C:\Program Files (x86)\Common Files\Intel\Shared Libraries\redist\ia32\compiler;C:\Program Files (x86)\NVIDIA Corporation\PhysX\Common;C:\Program Files (x86)\Intel\iCLS Client\;C:\Program Files\Intel\iCLS Client\;C:\Windows\system32;C:\Windows;C:\Windows\System32\Wbem;C:\Windows\System32\WindowsPowerShell\v1.0\;C:\Program Files (x86)\Intel\OpenCL SDK\2.0\bin\x86;C:\Program Files (x86)\Intel\OpenCL SDK\2.0\bin\x64;C:\Program Files\Intel\Intel(R) Management Engine Components\DAL;C:\Program Files\Intel\Intel(R) Management Engine Components\IPT;C:\Program Files (x86)\Intel\Intel(R) Management Engine Components\DAL;C:\Program Files (x86)\Intel\Intel(R) Management Engine Components\IPT;C:\Program Files\7-Zip;C:\FPC\2.6.0\bin\i386-Win32;C:\FPC\2.6.0\bin\i386-Win32;C:\Program Files (x86)\Delphi 10 Lite\bin;C:\FPC\2.6.0\bin\i386-Win32;C:\FPC\2.6.0\bin\i386-Win32;C:\FPC\2.6.0\bin\i386-Win32;C:\FPC\2.6.0\bin\i386-Win32;C:\FPC\2.6.0\bin\i386-Win32;E:\MATLAB\runtime\win64;E:\MATLAB\bin;E:\MATLAB\polyspace\bin;C:\FPC\2.6.0\bin\i386-Win32;-C:\Progra~1\Java\jdk-10.0.2\bin;C:\Program Files\Git\cmd;E:\MPICH2\bin;E:\MiKTeX 2.9\miktex\bin\x64\;C:\Program Files\apache-maven-3.5.4\bin;E:\heroku\bin;."/>
    <property name="maven.conf" value="C:\Program Files\apache-maven-3.5.4\bin\../conf"/>
    <property name="jdk.debug" value="release"/>
    <property name="java.class.version" value="54.0"/>
    <property name="java.specification.name" value="Java Platform API Specification"/>
    <property name="sun.management.compiler" value="HotSpot 64-Bit Tiered Compilers"/>
    <property name="os.version" value="6.1"/>
    <property name="library.jansi.path" value="C:\Program Files\apache-maven-3.5.4\bin\..\lib\jansi-native"/>
    <property name="user.home" value="C:\Users\acer"/>
    <property name="user.timezone" value="GMT+02:00"/>
    <property name="java.awt.printerjob" value="sun.awt.windows.WPrinterJob"/>
    <property name="file.encoding" value="Cp1251"/>
    <property name="java.specification.version" value="10"/>
    <property name="user.name" value="acer"/>
    <property name="java.class.path" value="C:\Program Files\apache-maven-3.5.4\bin\..\boot\plexus-classworlds-2.5.2.jar"/>
    <property name="java.vm.specification.version" value="10"/>
    <property name="sun.arch.data.model" value="64"/>
    <property name="sun.java.command" value="org.codehaus.plexus.classworlds.launcher.Launcher clean install"/>
    <property name="java.home" value="C:\Program Files\Java\jdk-10.0.2"/>
    <property name="user.language" value="ru"/>
    <property name="java.specification.vendor" value="Oracle Corporation"/>
    <property name="awt.toolkit" value="sun.awt.windows.WToolkit"/>
    <property name="java.vm.info" value="mixed mode"/>
    <property name="java.version" value="10.0.2"/>
    <property name="java.vendor" value="Oracle Corporation"/>
    <property name="sun.stderr.encoding" value="cp866"/>
    <property name="maven.home" value="C:\Program Files\apache-maven-3.5.4\bin\.."/>
    <property name="file.separator" value="\"/>
    <property name="java.version.date" value="2018-07-17"/>
    <property name="java.vendor.url.bug" value="http://bugreport.java.com/bugreport/"/>
    <property name="sun.io.unicode.encoding" value="UnicodeLittle"/>
    <property name="sun.cpu.endian" value="little"/>
    <property name="java.vendor.version" value="18.3"/>
    <property name="sun.stdout.encoding" value="cp866"/>
    <property name="sun.desktop" value="windows"/>
    <property name="sun.cpu.isalist" value="amd64"/>
  </properties>
  <testcase classname="dev.java.controller.CandidateControllerTest" name="checkSQLExceptionInDeleteEntity" time="1.065"/>
  <testcase classname="dev.java.controller.CandidateControllerTest" name="checkInvalidInputCreateEntity" time="0.048"/>
  <testcase classname="dev.java.controller.CandidateControllerTest" name="checkOkInUpdateEntity" time="0.025"/>
  <testcase classname="dev.java.controller.CandidateControllerTest" name="checkOkInDeleteEntity" time="0.119"/>
  <testcase classname="dev.java.controller.CandidateControllerTest" name="checkOkInGetEntity" time="0.048"/>
  <testcase classname="dev.java.controller.CandidateControllerTest" name="checkSQLExceptionInGetAllEntities" time="0.152"/>
  <testcase classname="dev.java.controller.CandidateControllerTest" name="checkNotFoundInUpdateEntity" time="0.001"/>
  <testcase classname="dev.java.controller.CandidateControllerTest" name="checkNotFoundInDeleteEntity" time="0.013"/>
  <testcase classname="dev.java.controller.CandidateControllerTest" name="checkSQLExceptionInCreateEntity" time="0.062"/>
  <testcase classname="dev.java.controller.CandidateControllerTest" name="checkNotFoundInGetEntity" time="0.034"/>
  <testcase classname="dev.java.controller.CandidateControllerTest" name="checkOkInCreateEntity" time="0.066"/>
  <testcase classname="dev.java.controller.CandidateControllerTest" name="checkOkInGetAllEntities" time="0.141"/>
  <testcase classname="dev.java.controller.CandidateControllerTest" name="checkSQLExceptionInGetEntity" time="0.109"/>
  <testcase classname="dev.java.controller.CandidateControllerTest" name="checkSQLExceptionInUpdateEntity" time="0.051"/>
</testsuite>